<?xml version="1.0" encoding="UTF-8"?>
<!-- Generated by org.testng.reporters.JUnitReportReporter -->
<testsuite hostname="Nuis-MBP" failures="0" tests="1" name="TestCase.AmazonTest" time="4.385" errors="0" timestamp="2022-06-04T09:43:44 PDT" skipped="0">
  <testcase classname="TestCase.AmazonTest" name="SearchBentoBox" time="4.385"/>
  <system-out/>
</testsuite> <!-- TestCase.AmazonTest -->
